<?xml version="1.0" encoding="UTF-8"?>
<!-- Generated by org.testng.reporters.JUnitReportReporter -->
<testsuite hostname="DESKTOP-QA4MQIL" failures="0" tests="1" name="testcases.WafilifeHomePageTest" time="16.682" errors="0" timestamp="2023-04-14T20:11:03 BDT" skipped="0">
  <testcase classname="testcases.WafilifeHomePageTest" name="testSiteLoading" time="16.682"/>
  <system-out/>
</testsuite> <!-- testcases.WafilifeHomePageTest -->
