<?xml version="1.0" encoding="UTF-8"?>
<!-- Generated by org.testng.reporters.JUnitReportReporter -->
<testsuite hostname="DESKTOP-QA4MQIL" failures="0" tests="3" name="testcases.WafilifeAuthorPageTest" time="52.807" errors="0" timestamp="2023-04-14T20:11:03 BDT" skipped="0">
  <testcase classname="testcases.WafilifeAuthorPageTest" name="testAuthorPageScrolling" time="13.930"/>
  <system-out/>
  <testcase classname="testcases.WafilifeAuthorPageTest" name="testClickLink" time="14.432"/>
  <system-out/>
  <testcase classname="testcases.WafilifeAuthorPageTest" name="testOrderInfoInput" time="24.445"/>
  <system-out/>
</testsuite> <!-- testcases.WafilifeAuthorPageTest -->
